0 info it worked if it ends with ok
1 verbose cli [ 'C:\\Program Files\\nodejs\\node.exe',
1 verbose cli   'C:\\Users\\davel\\AppData\\Roaming\\npm\\node_modules\\npm\\bin\\npm-cli.js',
1 verbose cli   'run',
1 verbose cli   'watcher' ]
2 info using npm@4.1.1
3 info using node@v6.9.4
4 verbose run-script [ 'prewatcher', 'watcher', 'postwatcher' ]
5 info lifecycle dLeng_01_react@1.0.0~prewatcher: dLeng_01_react@1.0.0
6 silly lifecycle dLeng_01_react@1.0.0~prewatcher: no script for prewatcher, continuing
7 info lifecycle dLeng_01_react@1.0.0~watcher: dLeng_01_react@1.0.0
8 verbose lifecycle dLeng_01_react@1.0.0~watcher: unsafe-perm in lifecycle true
9 verbose lifecycle dLeng_01_react@1.0.0~watcher: PATH: C:\Users\davel\AppData\Roaming\npm\node_modules\npm\bin\node-gyp-bin;C:\Users\davel\Desktop\Website\gits\dLeng_01.1_gsapenhancer\node_modules\.bin;C:\Users\davel\AppData\Roaming\npm;C:\Program Files\nodejs\;c:\program files\graphicsmagick-1.3.25-q16;C:\WINDOWS\system32;C:\WINDOWS;C:\WINDOWS\System32\Wbem;C:\WINDOWS\System32\WindowsPowerShell\v1.0\;C:\Windows.old\Program Files\Git\cmd;C:\Program Files\Git\cmd;C:\Program Files\nodejs\;C:\Program Files (x86)\Skype\Phone\;C:\Users\davel\AppData\Local\Microsoft\WindowsApps;C:\Users\davel\AppData\Roaming\npm
10 verbose lifecycle dLeng_01_react@1.0.0~watcher: CWD: C:\Users\davel\Desktop\Website\gits\dLeng_01.1_gsapenhancer
11 silly lifecycle dLeng_01_react@1.0.0~watcher: Args: [ '/d /s /c', 'node server.js' ]
12 silly lifecycle dLeng_01_react@1.0.0~watcher: Returned: code: 1  signal: null
13 info lifecycle dLeng_01_react@1.0.0~watcher: Failed to exec watcher script
14 verbose stack Error: dLeng_01_react@1.0.0 watcher: `node server.js`
14 verbose stack Exit status 1
14 verbose stack     at EventEmitter.<anonymous> (C:\Users\davel\AppData\Roaming\npm\node_modules\npm\lib\utils\lifecycle.js:279:16)
14 verbose stack     at emitTwo (events.js:106:13)
14 verbose stack     at EventEmitter.emit (events.js:191:7)
14 verbose stack     at ChildProcess.<anonymous> (C:\Users\davel\AppData\Roaming\npm\node_modules\npm\lib\utils\spawn.js:40:14)
14 verbose stack     at emitTwo (events.js:106:13)
14 verbose stack     at ChildProcess.emit (events.js:191:7)
14 verbose stack     at maybeClose (internal/child_process.js:877:16)
14 verbose stack     at Process.ChildProcess._handle.onexit (internal/child_process.js:226:5)
15 verbose pkgid dLeng_01_react@1.0.0
16 verbose cwd C:\Users\davel\Desktop\Website\gits\dLeng_01.1_gsapenhancer
17 error Windows_NT 10.0.14393
18 error argv "C:\\Program Files\\nodejs\\node.exe" "C:\\Users\\davel\\AppData\\Roaming\\npm\\node_modules\\npm\\bin\\npm-cli.js" "run" "watcher"
19 error node v6.9.4
20 error npm  v4.1.1
21 error code ELIFECYCLE
22 error dLeng_01_react@1.0.0 watcher: `node server.js`
22 error Exit status 1
23 error Failed at the dLeng_01_react@1.0.0 watcher script 'node server.js'.
23 error Make sure you have the latest version of node.js and npm installed.
23 error If you do, this is most likely a problem with the dLeng_01_react package,
23 error not with npm itself.
23 error Tell the author that this fails on your system:
23 error     node server.js
23 error You can get information on how to open an issue for this project with:
23 error     npm bugs dLeng_01_react
23 error Or if that isn't available, you can get their info via:
23 error     npm owner ls dLeng_01_react
23 error There is likely additional logging output above.
24 verbose exit [ 1, true ]
